<?xml version="1.0" encoding="UTF-8"?>
<!-- Generated by org.testng.reporters.JUnitReportReporter -->
<testsuite hostname="QA" failures="0" tests="1" name="testScriptt.Basictest" time="43.071" errors="0" timestamp="2024-12-27T22:16:37 IST" skipped="0">
  <testcase classname="testScriptt.Basictest" name="m1" time="43.071"/>
  <system-out/>
</testsuite> <!-- testScriptt.Basictest -->
