<?xml version="1.0" encoding="UTF-8"?>
<!-- Generated by org.testng.reporters.JUnitReportReporter -->
<testsuite hostname="QA" failures="0" tests="1" name="testScriptt.Basictest" time="166.561" errors="0" timestamp="2025-01-08T01:53:42 IST" skipped="0">
  <testcase classname="testScriptt.Basictest" name="m1" time="166.561"/>
  <system-out/>
</testsuite> <!-- testScriptt.Basictest -->
